2018-08-08 14:05:24,294  - INFO - 读取ini文件成功：<configparser.ConfigParser object at 0x00000000035D4908>
2018-08-08 14:05:24,294  - INFO - 写入字典成功-：{'deviceName': 'Android', 'platformName': 'Android', 'platformVersion': '6.0', 'noReset': True, 'udid': 'F8UDU16411017393', 'app': 'C:\\\\Users\\\\Administrator\\\\Desktop\\\\app\\\\cy_08_02_01.apk'}
2018-08-08 14:05:38,183  - INFO - 我在StartApp 运行:----<appium.webdriver.webdriver.WebDriver (session="d454cdaf-a360-44ef-8f3f-b7ee96405712")>
2018-08-08 14:05:48,832  - INFO - 点击行情页-自选
2018-08-08 14:05:49,832  - INFO - 获取行情页-自选-列表信息
2018-08-08 14:06:05,055  - INFO - 等待2秒开始点击返回按钮
2018-08-08 14:06:09,213  - INFO - 返回，点击的是上峰水泥
2018-08-08 14:06:17,009  - INFO - 等待2秒开始点击返回按钮
2018-08-08 14:06:21,148  - INFO - 返回，点击的是贵州燃气
2018-08-08 14:06:27,604  - INFO - 等待2秒开始点击返回按钮
2018-08-08 14:06:31,793  - INFO - 返回，点击的是晨鑫科技
2018-08-08 14:06:38,466  - INFO - 等待2秒开始点击返回按钮
2018-08-08 14:06:42,584  - INFO - 返回，点击的是重庆钢铁
2018-08-08 14:06:48,757  - INFO - 等待2秒开始点击返回按钮
2018-08-08 14:06:52,889  - INFO - 返回，点击的是汉嘉设计
2018-08-08 14:06:59,165  - INFO - 等待2秒开始点击返回按钮
2018-08-08 14:07:03,328  - INFO - 返回，点击的是中化岩土
2018-08-08 14:07:10,090  - INFO - 等待2秒开始点击返回按钮
2018-08-08 14:07:14,316  - INFO - 返回，点击的是一品红
2018-08-08 14:07:21,372  - INFO - 等待2秒开始点击返回按钮
2018-08-08 14:07:25,494  - INFO - 返回，点击的是金财互联
2018-08-08 14:07:32,153  - INFO - 等待2秒开始点击返回按钮
2018-08-08 14:07:36,280  - INFO - 返回，点击的是水晶光电
2018-08-08 14:07:42,532  - INFO - 等待2秒开始点击返回按钮
2018-08-08 14:07:46,655  - INFO - 返回，点击的是广哈通信
2018-08-08 14:07:53,299  - INFO - 等待2秒开始点击返回按钮
2018-08-08 14:07:57,416  - INFO - 返回，点击的是烽火通信
2018-08-08 14:08:04,284  - INFO - 等待2秒开始点击返回按钮
2018-08-08 14:08:08,406  - INFO - 返回，点击的是碧水源
2018-08-08 14:08:15,172  - INFO - 等待2秒开始点击返回按钮
2018-08-08 14:08:19,336  - INFO - 返回，点击的是安徽水利
2018-08-08 14:08:25,922  - INFO - 等待2秒开始点击返回按钮
2018-08-08 14:08:30,058  - INFO - 返回，点击的是解盘
2018-08-08 14:08:32,731  - INFO - 点击-文本-早知晓
2018-08-08 14:08:34,097  - INFO - 进入的是往期FM页面
2018-08-08 14:08:35,097  - INFO - 等待2秒开始点击返回按钮
2018-08-08 14:08:39,338  - INFO - 点击-图片-早知晓
2018-08-08 14:08:41,061  - INFO - 进入的是往期FM页面
2018-08-08 14:08:42,061  - INFO - 等待2秒开始点击返回按钮
2018-08-08 14:08:46,326  - INFO - 点击-空白-早知晓
2018-08-08 14:08:47,607  - INFO - 进入的是往期FM页面
2018-08-08 14:08:49,266  - INFO - 我是第====个数据，数据为:往期FM
2018-08-08 14:08:49,304  - INFO - 我是第====个数据，数据为:2018年08月
2018-08-08 14:08:49,338  - INFO - 我是第====个数据，数据为:08-08期：一根阳线转变三观
2018-08-08 14:08:49,394  - INFO - 我是第====个数据，数据为:吴敬华|李晓亮
2018-08-08 14:08:49,424  - INFO - 我是第====个数据，数据为:41次播放
2018-08-08 14:08:49,452  - INFO - 我是第====个数据，数据为:2018-08-08
2018-08-08 14:08:49,482  - INFO - 我是第====个数据，数据为:08-07期：下一阶段杀跌主力就是它！
2018-08-08 14:08:49,519  - INFO - 我是第====个数据，数据为:付林林|李晓亮
2018-08-08 14:08:50,321  - INFO - 我是第====个数据，数据为:73次播放
2018-08-08 14:08:50,404  - INFO - 我是第====个数据，数据为:2018-08-07
2018-08-08 14:08:50,465  - INFO - 我是第====个数据，数据为:08-06期：基建个股还有投资机会？
2018-08-08 14:08:50,496  - INFO - 我是第====个数据，数据为:李鑫|李晓亮
2018-08-08 14:08:50,533  - INFO - 我是第====个数据，数据为:102次播放
2018-08-08 14:08:50,570  - INFO - 我是第====个数据，数据为:2018-08-06
2018-08-08 14:08:50,602  - INFO - 我是第====个数据，数据为:08-03期：神秘嘉宾做客直播间！！！
2018-08-08 14:08:50,630  - INFO - 我是第====个数据，数据为:乐强|李晓亮
2018-08-08 14:08:51,950  - INFO - 我是第====个数据，数据为:114次播放
2018-08-08 14:08:52,019  - INFO - 我是第====个数据，数据为:2018-08-03
2018-08-08 14:08:52,088  - INFO - 我是第====个数据，数据为:08-02期：难看的指数 糟糕的心情
2018-08-08 14:08:52,189  - INFO - 我是第====个数据，数据为:张利|李晓亮
2018-08-08 14:08:52,256  - INFO - 我是第====个数据，数据为:74次播放
2018-08-08 14:08:52,307  - INFO - 我是第====个数据，数据为:2018-08-02
2018-08-08 14:08:52,348  - INFO - 我是第====个数据，数据为:08-01期：震荡市场关注低位个股投资机会
2018-08-08 14:08:52,381  - INFO - 我是第====个数据，数据为:吴敬华|李晓亮
2018-08-08 14:08:52,418  - INFO - 我是第====个数据，数据为:117次播放
2018-08-08 14:08:52,454  - INFO - 我是第====个数据，数据为:2018-08-01
2018-08-08 14:08:52,490  - INFO - 我是第====个数据，数据为:没有更多数据
2018-08-08 14:08:53,490  - INFO - 等待2秒开始点击返回按钮
2018-08-08 14:08:57,965  - INFO - 点击-文本-视频直播间
2018-08-08 14:09:00,560  - INFO - 进入的是视频直播间页面
2018-08-08 14:09:01,560  - INFO - 等待2秒开始点击返回按钮
2018-08-08 14:09:05,809  - INFO - 点击-图片-视频直播间
2018-08-08 14:09:07,912  - INFO - 进入的是视频直播间页面
2018-08-08 14:09:08,913  - INFO - 等待2秒开始点击返回按钮
2018-08-08 14:09:13,173  - INFO - 点击-空白-视频直播间
2018-08-08 14:09:15,617  - INFO - 进入的是视频直播间页面
2018-08-08 14:09:16,617  - INFO - 等待2秒开始点击返回按钮
2018-08-08 14:09:23,347  - INFO - 点击-文本-观点直播
2018-08-08 14:09:24,748  - INFO - 进入的是观点直播页面
2018-08-08 14:09:29,748  - INFO - 等待2秒开始点击返回按钮
2018-08-08 14:09:34,011  - INFO - 点击-图片-观点直播
2018-08-08 14:09:39,162  - INFO - 进入的是观点直播页面
2018-08-08 14:09:40,162  - INFO - 等待2秒开始点击返回按钮
2018-08-08 14:09:44,432  - INFO - 点击-空白-观点直播
2018-08-08 14:09:50,342  - INFO - 进入的是观点直播页面
2018-08-08 14:09:51,342  - INFO - 等待2秒开始点击返回按钮
